<?xml version="1.0" encoding="UTF-8"?>
<!-- Generated by org.testng.reporters.JUnitReportReporter -->
<testsuite hostname="DESKTOP-UPJ4O7I" failures="0" tests="2" name="Parameterization.Facebook" time="10.425" errors="0" timestamp="2023-07-07T19:09:31 IST" skipped="0">
  <testcase classname="Parameterization.Facebook" name="loginPage" time="4.554"/>
  <testcase classname="Parameterization.Facebook" name="OpenURL" time="5.871"/>
</testsuite> <!-- Parameterization.Facebook -->
