<?xml version="1.0" encoding="UTF-8"?>
<!-- Generated by org.testng.reporters.JUnitReportReporter -->
<testsuite hostname="DESKTOP-UPJ4O7I" failures="0" tests="3" name="TestNGFeatures.Day1" time="0.045" errors="0" timestamp="2023-07-11T13:58:13 IST" skipped="0">
  <testcase classname="TestNGFeatures.Day1" name="Test7" time="0.006"/>
  <testcase classname="TestNGFeatures.Day1" name="Test5" time="0.012"/>
  <testcase classname="TestNGFeatures.Day1" name="Test1" time="0.027"/>
</testsuite> <!-- TestNGFeatures.Day1 -->
