<?xml version="1.0" encoding="UTF-8"?>
<!-- Generated by org.testng.reporters.JUnitReportReporter -->
<testsuite hostname="DESKTOP-UPJ4O7I" failures="0" tests="1" name="TestNGFeatures.Day3" time="0.006" errors="0" timestamp="2023-07-11T13:58:13 IST" skipped="0">
  <testcase classname="TestNGFeatures.Day3" name="Test4" time="0.006"/>
</testsuite> <!-- TestNGFeatures.Day3 -->
