<?xml version="1.0" encoding="UTF-8"?>
<!-- Generated by org.testng.reporters.JUnitReportReporter -->
<testsuite hostname="DESKTOP-UPJ4O7I" failures="0" tests="1" name="Elearning_project.Book_Base_POM" time="61.481" errors="0" timestamp="2023-07-17T21:04:50 IST" skipped="0">
  <testcase classname="Elearning_project.Book_Base_POM" name="setup" time="61.481"/>
</testsuite> <!-- Elearning_project.Book_Base_POM -->
