<?xml version="1.0" encoding="UTF-8"?>
<!-- Generated by org.testng.reporters.JUnitReportReporter -->
<testsuite hostname="DESKTOP-UPJ4O7I" failures="0" tests="1" name="Parameterization.Sum3" time="0.011" errors="0" timestamp="2023-07-07T18:19:43 IST" skipped="0">
  <testcase classname="Parameterization.Sum3" name="div" time="0.011"/>
</testsuite> <!-- Parameterization.Sum3 -->
