<?xml version="1.0" encoding="UTF-8"?>
<!-- Generated by org.testng.reporters.JUnitReportReporter -->
<testsuite hostname="DESKTOP-UPJ4O7I" failures="0" tests="1" name="Parameterization.Sum2" time="0.014" errors="0" timestamp="2023-07-07T18:19:43 IST" skipped="0">
  <testcase classname="Parameterization.Sum2" name="Sub" time="0.014"/>
</testsuite> <!-- Parameterization.Sum2 -->
