<?xml version="1.0" encoding="UTF-8"?>
<!-- Generated by org.testng.reporters.JUnitReportReporter -->
<testsuite hostname="DESKTOP-UPJ4O7I" failures="0" tests="1" name="Assertions.Hard_Assertion" time="0.039" errors="0" timestamp="2023-07-19T15:41:48 IST" skipped="0">
  <testcase classname="Assertions.Hard_Assertion" name="demo" time="0.039"/>
</testsuite> <!-- Assertions.Hard_Assertion -->
