<?xml version="1.0" encoding="UTF-8"?>
<!-- Generated by org.testng.reporters.JUnitReportReporter -->
<testsuite hostname="DESKTOP-UPJ4O7I" failures="0" tests="3" name="CrossBrowser.CrossBrowser_1" time="37.877" errors="0" timestamp="2023-07-11T14:32:23 IST" skipped="0">
  <testcase classname="CrossBrowser.CrossBrowser_1" name="OpenBrowser2" time="8.722"/>
  <testcase classname="CrossBrowser.CrossBrowser_1" name="OpenBrowser1" time="8.380"/>
  <testcase classname="CrossBrowser.CrossBrowser_1" name="OpenBrowser3" time="20.775"/>
</testsuite> <!-- CrossBrowser.CrossBrowser_1 -->
