<?xml version="1.0" encoding="UTF-8"?>
<!-- Generated by org.testng.reporters.JUnitReportReporter -->
<testsuite hostname="DESKTOP-UPJ4O7I" failures="0" tests="1" name="Elearning_project.LoginTestCase" time="84.751" errors="0" timestamp="2023-07-08T10:51:22 IST" skipped="0">
  <testcase classname="Elearning_project.LoginTestCase" name="profile" time="84.751"/>
</testsuite> <!-- Elearning_project.LoginTestCase -->
