<?xml version="1.0" encoding="UTF-8"?>
<!-- Generated by org.testng.reporters.JUnitReportReporter -->
<testsuite hostname="DESKTOP-UPJ4O7I" failures="0" tests="5" name="TestNGFeatures.Enabled1" time="0.592" errors="0" timestamp="2023-07-07T12:27:12 IST" skipped="1">
  <testcase classname="TestNGFeatures.Enabled1" name="Test2" time="0.003"/>
  <testcase classname="TestNGFeatures.Enabled1" name="A" time="0.036"/>
  <testcase classname="TestNGFeatures.Enabled1" name="Test1" time="0.003"/>
  <testcase classname="TestNGFeatures.Enabled1" name="B" time="0.550"/>
  <testcase classname="TestNGFeatures.Enabled1" name="Test3">
    <skipped/>
  </testcase> <!-- Test3 -->
</testsuite> <!-- TestNGFeatures.Enabled1 -->
