<?xml version="1.0" encoding="UTF-8"?>
<!-- Generated by org.testng.reporters.JUnitReportReporter -->
<testsuite hostname="DESKTOP-UPJ4O7I" failures="0" tests="3" name="DataProvider.SecondProgram2" time="24.084" errors="0" timestamp="2023-07-11T18:45:03 IST" skipped="0">
  <testcase classname="DataProvider.SecondProgram2" name="Logintest" time="7.000"/>
  <testcase classname="DataProvider.SecondProgram2" name="Logintest" time="6.800"/>
  <testcase classname="DataProvider.SecondProgram2" name="Logintest" time="10.284"/>
</testsuite> <!-- DataProvider.SecondProgram2 -->
