<?xml version="1.0" encoding="UTF-8"?>
<!-- Generated by org.testng.reporters.JUnitReportReporter -->
<testsuite hostname="DESKTOP-UPJ4O7I" failures="0" tests="3" name="TestNGFeatures.Day2" time="0.014" errors="0" timestamp="2023-07-11T13:58:13 IST" skipped="0">
  <testcase classname="TestNGFeatures.Day2" name="Test3" time="0.006"/>
  <testcase classname="TestNGFeatures.Day2" name="Test2" time="0.003"/>
  <testcase classname="TestNGFeatures.Day2" name="Test1" time="0.005"/>
</testsuite> <!-- TestNGFeatures.Day2 -->
