<?xml version="1.0" encoding="UTF-8"?>
<!-- Generated by org.testng.reporters.JUnitReportReporter -->
<testsuite hostname="DESKTOP-UPJ4O7I" failures="0" tests="1" name="Elearning_project.BYJS_Test_POMTest" time="7.248" errors="0" timestamp="2023-07-18T13:27:06 IST" skipped="0">
  <testcase classname="Elearning_project.BYJS_Test_POMTest" name="setup" time="7.248"/>
</testsuite> <!-- Elearning_project.BYJS_Test_POMTest -->
