<?xml version="1.0" encoding="UTF-8"?>
<!-- Generated by org.testng.reporters.JUnitReportReporter -->
<testsuite hostname="DESKTOP-UPJ4O7I" failures="0" tests="4" name="TestNGFeatures.dependsOnMethod" time="0.053" errors="0" timestamp="2023-07-07T14:04:45 IST" skipped="0">
  <testcase classname="TestNGFeatures.dependsOnMethod" name="HomePage" time="0.006"/>
  <testcase classname="TestNGFeatures.dependsOnMethod" name="Searchtext" time="0.004"/>
  <testcase classname="TestNGFeatures.dependsOnMethod" name="logintest" time="0.012"/>
  <testcase classname="TestNGFeatures.dependsOnMethod" name="RefereshPage" time="0.031"/>
</testsuite> <!-- TestNGFeatures.dependsOnMethod -->
