<?xml version="1.0" encoding="UTF-8"?>
<!-- Generated by org.testng.reporters.JUnitReportReporter -->
<testsuite hostname="DESKTOP-UPJ4O7I" failures="0" tests="1" name="Elearning_project.BookClass" time="67.532" errors="0" timestamp="2023-07-13T13:41:35 IST" skipped="0">
  <testcase classname="Elearning_project.BookClass" name="LoginTest" time="67.532"/>
</testsuite> <!-- Elearning_project.BookClass -->
