<?xml version="1.0" encoding="UTF-8"?>
<!-- Generated by org.testng.reporters.JUnitReportReporter -->
<testsuite hostname="DESKTOP-UPJ4O7I" failures="0" tests="1" name="Demo.TC_NewRegistrationTestCases" time="9.144" errors="0" timestamp="2023-07-19T09:01:42 IST" skipped="0">
  <testcase classname="Demo.TC_NewRegistrationTestCases" name="Registration" time="9.144"/>
</testsuite> <!-- Demo.TC_NewRegistrationTestCases -->
