<?xml version="1.0" encoding="UTF-8"?>
<!-- Generated by org.testng.reporters.JUnitReportReporter -->
<testsuite hostname="DESKTOP-UPJ4O7I" failures="0" tests="1" name="Elearning_project.BookFreeSession" time="39.039" errors="0" timestamp="2023-07-10T23:14:37 IST" skipped="0">
  <testcase classname="Elearning_project.BookFreeSession" name="Info" time="39.039"/>
</testsuite> <!-- Elearning_project.BookFreeSession -->
